<?xml version="1.0" encoding="UTF-8"?>
<!-- Generated by org.testng.reporters.JUnitReportReporter -->
<testsuite hostname="DESKTOP-2G37K72" failures="0" tests="1" name="facebook.Register" time="0.003" errors="0" timestamp="2022-03-01T22:56:00 IST" skipped="0">
  <testcase classname="facebook.Register" name="register" time="0.003"/>
  <system-out/>
</testsuite> <!-- facebook.Register -->
