<?xml version="1.0" encoding="UTF-8"?>
<!-- Generated by org.testng.reporters.JUnitReportReporter -->
<testsuite hostname="DESKTOP-2G37K72" failures="0" tests="2" name="Demo.Practice" time="0.028" errors="0" timestamp="2022-03-01T22:56:00 IST" skipped="0">
  <testcase classname="Demo.Practice" name="invalidcredentials" time="0.020"/>
  <system-out/>
  <testcase classname="Demo.Practice" name="validcredentials" time="0.008"/>
  <system-out/>
</testsuite> <!-- Demo.Practice -->
