<?xml version="1.0" encoding="UTF-8"?>
<!-- Generated by org.testng.reporters.JUnitReportReporter -->
<testsuite hostname="DESKTOP-9TT09F0" failures="0" tests="1" name="Base.TestBase" time="7.864" errors="0" timestamp="2022-01-30T11:02:19 IST" skipped="0">
  <testcase classname="Base.TestBase" name="initilization" time="7.864"/>
  <system-out/>
</testsuite> <!-- Base.TestBase -->
