<?xml version="1.0" encoding="UTF-8"?>
<!-- Generated by org.testng.reporters.JUnitReportReporter -->
<testsuite hostname="DESKTOP-9TT09F0" failures="0" tests="4" name="TestCases.TC_02_CreateAcount" time="14.886" errors="0" timestamp="2022-02-15T13:29:17 IST" skipped="0">
  <testcase classname="TestCases.TC_02_CreateAcount" name="setup" time="11.453"/>
  <system-out/>
  <testcase classname="TestCases.TC_02_CreateAcount" name="TC_02_1" time="0.301"/>
  <system-out/>
  <testcase classname="TestCases.TC_02_CreateAcount" name="TC_02_2" time="0.006"/>
  <system-out/>
  <testcase classname="TestCases.TC_02_CreateAcount" name="TC_02_2_2" time="3.126"/>
  <system-out/>
</testsuite> <!-- TestCases.TC_02_CreateAcount -->
