<?xml version="1.0" encoding="UTF-8"?>
<!-- Generated by org.testng.reporters.JUnitReportReporter -->
<testsuite hostname="DESKTOP-9TT09F0" failures="0" tests="1" name="TestCases.TC_03_BrokenLinksOnLoginPage" time="18.587" errors="0" timestamp="2022-02-08T23:45:13 IST" skipped="0">
  <testcase classname="TestCases.TC_03_BrokenLinksOnLoginPage" name="setup" time="18.587"/>
  <system-out/>
</testsuite> <!-- TestCases.TC_03_BrokenLinksOnLoginPage -->
